<?xml version="1.0" encoding="UTF-8"?>
<!-- Generated by org.testng.reporters.JUnitXMLReporter -->
<testsuite ignored="1" hostname="Chandan-PC" failures="0" tests="2" name="Test" time="32.993" errors="0" timestamp="2023-12-04T16:57:29 IST">
  <testcase classname="Basic.executionTest" name="Swiggy" time="19.999"/>
  <testcase classname="Basic.executionTest" name="Zomato" time="12.832"/>
  <testcase classname="Basic.executionTest" name="Instagram" time="0.0">
    <ignored/>
  </testcase> <!-- Instagram -->
</testsuite> <!-- Test -->
