<?xml version="1.0" encoding="UTF-8"?>
<testng-results ignored="1" total="3" passed="2" failed="0" skipped="0">
  <reporter-output>
  </reporter-output>
  <suite started-at="2023-12-04T16:56:56 IST" name="Suite" finished-at="2023-12-04T16:57:29 IST" duration-ms="32993">
    <groups>
      <group name="Food">
        <method signature="executionTest.Swiggy()[pri:0, instance:Basic.executionTest@1da2cb77]" name="Swiggy" class="Basic.executionTest"/>
        <method signature="executionTest.Zomato()[pri:0, instance:Basic.executionTest@1da2cb77]" name="Zomato" class="Basic.executionTest"/>
      </group> <!-- Food -->
    </groups>
    <test started-at="2023-12-04T16:56:56 IST" name="Test" finished-at="2023-12-04T16:57:29 IST" duration-ms="32993">
      <class name="Basic.executionTest">
        <test-method signature="Swiggy()[pri:0, instance:Basic.executionTest@1da2cb77]" started-at="2023-12-04T16:56:56 IST" name="Swiggy" finished-at="2023-12-04T16:57:16 IST" duration-ms="19999" status="PASS">
          <reporter-output>
          </reporter-output>
        </test-method> <!-- Swiggy -->
        <test-method signature="Zomato()[pri:0, instance:Basic.executionTest@1da2cb77]" started-at="2023-12-04T16:57:16 IST" name="Zomato" finished-at="2023-12-04T16:57:29 IST" duration-ms="12832" status="PASS">
          <reporter-output>
          </reporter-output>
        </test-method> <!-- Zomato -->
      </class> <!-- Basic.executionTest -->
    </test> <!-- Test -->
  </suite> <!-- Suite -->
</testng-results>
